# JRE version: Java(TM) SE Runtime Environment (17.0.3.1+2) (build 17.0.3.1+2-LTS-6)
# Java VM: Java HotSpot(TM) 64-Bit Server VM (17.0.3.1+2-LTS-6, mixed mode, sharing, tiered, compressed oops, compressed class ptrs, g1 gc, windows-amd64)
GC Precious Log:
 CPUs: 4 total, 4 available
 Memory: 4001M
 Large Page Support: Disabled
 NUMA Support: Disabled
 Compressed Oops: Enabled (32-bit)
 Heap Region Size: 1M
 Heap Min Capacity: 8M
 Heap Initial Capacity: 64M
 Heap Max Capacity: 1002M
 Pre-touch: Disabled
 Parallel Workers: 4
 Concurrent Workers: 1
 Concurrent Refinement Workers: 4
 Periodic GC: Disabled
Heap:
 garbage-first heap   total 99328K, used 75415K [0x00000000c1600000, 0x0000000100000000)
  region size 1024K, 38 young (38912K), 1 survivors (1024K)
 Metaspace       used 34965K, committed 35328K, reserved 1081344K
  class space    used 4067K, committed 4224K, reserved 1048576K
GC Heap History (20 events):
Event: 6.253 GC heap before
{Heap before GC invocations=6 (full 0):
 garbage-first heap   total 78848K, used 59119K [0x00000000c1600000, 0x0000000100000000)
  region size 1024K, 42 young (43008K), 2 survivors (2048K)
 Metaspace       used 21215K, committed 21504K, reserved 1073152K
  class space    used 2499K, committed 2624K, reserved 1048576K
}
Event: 6.273 GC heap after
{Heap after GC invocations=7 (full 0):
 garbage-first heap   total 78848K, used 23517K [0x00000000c1600000, 0x0000000100000000)
  region size 1024K, 6 young (6144K), 6 survivors (6144K)
 Metaspace       used 21215K, committed 21504K, reserved 1073152K
  class space    used 2499K, committed 2624K, reserved 1048576K
}
Event: 7.346 GC heap before
{Heap before GC invocations=8 (full 0):
 garbage-first heap   total 78848K, used 60381K [0x00000000c1600000, 0x0000000100000000)
  region size 1024K, 40 young (40960K), 6 survivors (6144K)
 Metaspace       used 25062K, committed 25408K, reserved 1073152K
  class space    used 2910K, committed 3072K, reserved 1048576K
}
Event: 7.373 GC heap after
{Heap after GC invocations=9 (full 0):
 garbage-first heap   total 79872K, used 38370K [0x00000000c1600000, 0x0000000100000000)
  region size 1024K, 5 young (5120K), 5 survivors (5120K)
 Metaspace       used 25062K, committed 25408K, reserved 1073152K
  class space    used 2910K, committed 3072K, reserved 1048576K
}
Event: 7.788 GC heap before
{Heap before GC invocations=10 (full 0):
 garbage-first heap   total 79872K, used 56802K [0x00000000c1600000, 0x0000000100000000)
  region size 1024K, 25 young (25600K), 5 survivors (5120K)
 Metaspace       used 25938K, committed 26304K, reserved 1073152K
  class space    used 2993K, committed 3136K, reserved 1048576K
}
Event: 7.805 GC heap after
{Heap after GC invocations=11 (full 0):
 garbage-first heap   total 79872K, used 40960K [0x00000000c1600000, 0x0000000100000000)
  region size 1024K, 4 young (4096K), 4 survivors (4096K)
 Metaspace       used 25938K, committed 26304K, reserved 1073152K
  class space    used 2993K, committed 3136K, reserved 1048576K
}
Event: 8.490 GC heap before
{Heap before GC invocations=11 (full 0):
 garbage-first heap   total 79872K, used 59392K [0x00000000c1600000, 0x0000000100000000)
  region size 1024K, 23 young (23552K), 4 survivors (4096K)
 Metaspace       used 26910K, committed 27200K, reserved 1073152K
  class space    used 3103K, committed 3264K, reserved 1048576K
}
Event: 8.498 GC heap after
{Heap after GC invocations=12 (full 0):
 garbage-first heap   total 79872K, used 41728K [0x00000000c1600000, 0x0000000100000000)
  region size 1024K, 1 young (1024K), 1 survivors (1024K)
 Metaspace       used 26910K, committed 27200K, reserved 1073152K
  class space    used 3103K, committed 3264K, reserved 1048576K
}
Event: 8.965 GC heap before
{Heap before GC invocations=13 (full 0):
 garbage-first heap   total 79872K, used 60160K [0x00000000c1600000, 0x0000000100000000)
  region size 1024K, 20 young (20480K), 1 survivors (1024K)
 Metaspace       used 27919K, committed 28224K, reserved 1081344K
  class space    used 3222K, committed 3392K, reserved 1048576K
}
Event: 8.970 GC heap after
{Heap after GC invocations=14 (full 0):
 garbage-first heap   total 79872K, used 41984K [0x00000000c1600000, 0x0000000100000000)
  region size 1024K, 1 young (1024K), 1 survivors (1024K)
 Metaspace       used 27919K, committed 28224K, reserved 1081344K
  class space    used 3222K, committed 3392K, reserved 1048576K
}
Event: 9.543 GC heap before
{Heap before GC invocations=14 (full 0):
 garbage-first heap   total 79872K, used 63488K [0x00000000c1600000, 0x0000000100000000)
  region size 1024K, 22 young (22528K), 1 survivors (1024K)
 Metaspace       used 29430K, committed 29760K, reserved 1081344K
  class space    used 3390K, committed 3520K, reserved 1048576K
}
Event: 9.556 GC heap after
{Heap after GC invocations=15 (full 0):
 garbage-first heap   total 79872K, used 43423K [0x00000000c1600000, 0x0000000100000000)
  region size 1024K, 3 young (3072K), 3 survivors (3072K)
 Metaspace       used 29430K, committed 29760K, reserved 1081344K
  class space    used 3390K, committed 3520K, reserved 1048576K
}
Event: 10.823 GC heap before
{Heap before GC invocations=16 (full 0):
 garbage-first heap   total 79872K, used 63903K [0x00000000c1600000, 0x0000000100000000)
  region size 1024K, 23 young (23552K), 3 survivors (3072K)
 Metaspace       used 30337K, committed 30656K, reserved 1081344K
  class space    used 3476K, committed 3584K, reserved 1048576K
}
Event: 10.840 GC heap after
{Heap after GC invocations=17 (full 0):
 garbage-first heap   total 79872K, used 43703K [0x00000000c1600000, 0x0000000100000000)
  region size 1024K, 3 young (3072K), 3 survivors (3072K)
 Metaspace       used 30337K, committed 30656K, reserved 1081344K
  class space    used 3476K, committed 3584K, reserved 1048576K
}
Event: 11.376 GC heap before
{Heap before GC invocations=17 (full 0):
 garbage-first heap   total 79872K, used 63159K [0x00000000c1600000, 0x0000000100000000)
  region size 1024K, 23 young (23552K), 3 survivors (3072K)
 Metaspace       used 31495K, committed 31936K, reserved 1081344K
  class space    used 3640K, committed 3840K, reserved 1048576K
}
Event: 11.392 GC heap after
{Heap after GC invocations=18 (full 0):
 garbage-first heap   total 99328K, used 44949K [0x00000000c1600000, 0x0000000100000000)
  region size 1024K, 3 young (3072K), 3 survivors (3072K)
 Metaspace       used 31495K, committed 31936K, reserved 1081344K
  class space    used 3640K, committed 3840K, reserved 1048576K
}
Event: 12.304 GC heap before
{Heap before GC invocations=19 (full 0):
 garbage-first heap   total 99328K, used 91029K [0x00000000c1600000, 0x0000000100000000)
  region size 1024K, 26 young (26624K), 3 survivors (3072K)
 Metaspace       used 33392K, committed 33728K, reserved 1081344K
  class space    used 3877K, committed 4032K, reserved 1048576K
}
Event: 12.317 GC heap after
{Heap after GC invocations=20 (full 0):
 garbage-first heap   total 99328K, used 44901K [0x00000000c1600000, 0x0000000100000000)
  region size 1024K, 4 young (4096K), 4 survivors (4096K)
 Metaspace       used 33392K, committed 33728K, reserved 1081344K
  class space    used 3877K, committed 4032K, reserved 1048576K
}
Event: 12.331 GC heap before
{Heap before GC invocations=20 (full 0):
 garbage-first heap   total 99328K, used 45925K [0x00000000c1600000, 0x0000000100000000)
  region size 1024K, 5 young (5120K), 4 survivors (4096K)
 Metaspace       used 33394K, committed 33728K, reserved 1081344K
  class space    used 3877K, committed 4032K, reserved 1048576K
}
Event: 12.346 GC heap after
{Heap after GC invocations=21 (full 0):
 garbage-first heap   total 99328K, used 36503K [0x00000000c1600000, 0x0000000100000000)
  region size 1024K, 1 young (1024K), 1 survivors (1024K)
 Metaspace       used 33394K, committed 33728K, reserved 1081344K
  class space    used 3877K, committed 4032K, reserved 1048576K
}

